<?xml version="1.0" encoding="UTF-8"?>
<robot generator="Robot 3.1.1 (Python 3.7.2 on win32)" generated="20190205 21:34:49.502" rpa="false">
<suite id="s1" name="HowToRobotFramework" source="C:\Users\zachl\PycharmProjects\HowToRobotFramework\test\HowToRobotFramework.robot">
<test id="s1-t1" name="Valid Login">
<kw name="Open Browser" library="SeleniumLibrary">
<doc>Opens a new browser instance to the given ``url``.</doc>
<arguments>
<arg>${URL}</arg>
<arg>${BROWSER}</arg>
</arguments>
<msg timestamp="20190205 21:34:49.748" level="INFO">Opening browser 'Chrome' to base url 'http://google.com'.</msg>
<status status="PASS" starttime="20190205 21:34:49.748" endtime="20190205 21:34:53.055"></status>
</kw>
<kw name="Close Browser" library="SeleniumLibrary" type="teardown">
<doc>Closes the current browser.</doc>
<status status="PASS" starttime="20190205 21:34:53.055" endtime="20190205 21:34:55.204"></status>
</kw>
<status status="PASS" starttime="20190205 21:34:49.748" endtime="20190205 21:34:55.204" critical="yes"></status>
</test>
<doc>Simple example using SeleniumLibrary.</doc>
<status status="PASS" starttime="20190205 21:34:49.504" endtime="20190205 21:34:55.206"></status>
</suite>
<statistics>
<total>
<stat pass="1" fail="0">Critical Tests</stat>
<stat pass="1" fail="0">All Tests</stat>
</total>
<tag>
</tag>
<suite>
<stat pass="1" fail="0" id="s1" name="HowToRobotFramework">HowToRobotFramework</stat>
</suite>
</statistics>
<errors>
</errors>
</robot>
